<?xml version="1.0" encoding="UTF-8"?>
<!-- Generated by org.testng.reporters.JUnitReportReporter -->
<testsuite hostname="Mark-David.local" failures="0" tests="1" name="com.wwe.wwe.Main" time="7.756" errors="0" timestamp="2025-07-20T10:44:36 PST" skipped="0">
  <testcase classname="com.wwe.wwe.Main" name="getURL" time="7.756"/>
</testsuite> <!-- com.wwe.wwe.Main -->
