<?xml version="1.0" encoding="UTF-8"?>
<!-- Generated by org.testng.reporters.JUnitReportReporter -->
<testsuite hostname="Mark-David.local" failures="0" tests="1" name="com.wwe.wwe.Main" time="19.662" errors="0" timestamp="2025-07-19T16:06:35 PST" skipped="0">
  <testcase classname="com.wwe.wwe.Main" name="launchURL" time="19.662"/>
</testsuite> <!-- com.wwe.wwe.Main -->
